<?xml version="1.0" encoding="UTF-8"?>
<testng-results ignored="0" total="2" passed="2" failed="0" skipped="0">
  <reporter-output>
  </reporter-output>
  <suite started-at="2023-04-09T22:42:47 IST" name="Default suite" finished-at="2023-04-09T22:44:21 IST" duration-ms="94246">
    <groups>
    </groups>
    <test started-at="2023-04-09T22:42:47 IST" name="Default test" finished-at="2023-04-09T22:44:21 IST" duration-ms="94246">
      <class name="testcases.Logintest">
        <test-method is-config="true" signature="startup()[pri:0, instance:testcases.Logintest@4ef37659]" started-at="2023-04-09T22:42:47 IST" name="startup" finished-at="2023-04-09T22:43:16 IST" duration-ms="28921" status="PASS">
          <reporter-output>
          </reporter-output>
        </test-method> <!-- startup -->
        <test-method signature="login()[pri:1, instance:testcases.Logintest@4ef37659]" started-at="2023-04-09T22:43:16 IST" name="login" finished-at="2023-04-09T22:43:38 IST" duration-ms="22748" status="PASS">
          <reporter-output>
          </reporter-output>
        </test-method> <!-- login -->
        <test-method is-config="true" signature="close()[pri:0, instance:testcases.Logintest@4ef37659]" started-at="2023-04-09T22:43:38 IST" name="close" finished-at="2023-04-09T22:43:39 IST" duration-ms="921" status="PASS">
          <reporter-output>
          </reporter-output>
        </test-method> <!-- close -->
        <test-method is-config="true" signature="startup()[pri:0, instance:testcases.Logintest@4ef37659]" started-at="2023-04-09T22:43:39 IST" name="startup" finished-at="2023-04-09T22:43:57 IST" duration-ms="18096" status="PASS">
          <reporter-output>
          </reporter-output>
        </test-method> <!-- startup -->
        <test-method signature="loginwithinvalid()[pri:2, instance:testcases.Logintest@4ef37659]" started-at="2023-04-09T22:43:57 IST" name="loginwithinvalid" finished-at="2023-04-09T22:44:20 IST" duration-ms="22297" status="PASS">
          <reporter-output>
          </reporter-output>
        </test-method> <!-- loginwithinvalid -->
        <test-method is-config="true" signature="close()[pri:0, instance:testcases.Logintest@4ef37659]" started-at="2023-04-09T22:44:20 IST" name="close" finished-at="2023-04-09T22:44:21 IST" duration-ms="1185" status="PASS">
          <reporter-output>
          </reporter-output>
        </test-method> <!-- close -->
      </class> <!-- testcases.Logintest -->
    </test> <!-- Default test -->
  </suite> <!-- Default suite -->
</testng-results>
